{"C:\\Users\\adity\\OneDrive\\Desktop\\IT314_Flight_Ticket_Booking_System\\IT314_G27_FlightBookingSystem\\frontend\\src\\utils.jsx": {"path":"C:\\Users\\adity\\OneDrive\\Desktop\\IT314_Flight_Ticket_Booking_System\\IT314_G27_FlightBookingSystem\\frontend\\src\\utils.jsx","statementMap":{"0":{"start":{"line":4,"column":29},"end":{"line":9,"column":1}},"1":{"start":{"line":5,"column":4},"end":{"line":8,"column":7}},"2":{"start":{"line":11,"column":27},"end":{"line":16,"column":1}},"3":{"start":{"line":12,"column":4},"end":{"line":15,"column":7}}},"fnMap":{"0":{"name":"(anonymous_0)","decl":{"start":{"line":4,"column":29},"end":{"line":4,"column":30}},"loc":{"start":{"line":4,"column":38},"end":{"line":9,"column":1}},"line":4},"1":{"name":"(anonymous_1)","decl":{"start":{"line":11,"column":27},"end":{"line":11,"column":28}},"loc":{"start":{"line":11,"column":36},"end":{"line":16,"column":1}},"line":11}},"branchMap":{},"s":{"0":1,"1":0,"2":1,"3":0},"f":{"0":0,"1":0},"b":{},"_coverageSchema":"1a1c01bbd47fc00a2c39e90264f33305004495a9","hash":"125a020a6f040f0efb991d9a8d7a7e88e5ce12d5"}
,"C:\\Users\\adity\\OneDrive\\Desktop\\IT314_Flight_Ticket_Booking_System\\IT314_G27_FlightBookingSystem\\frontend\\src\\components\\SearchItem.jsx": {"path":"C:\\Users\\adity\\OneDrive\\Desktop\\IT314_Flight_Ticket_Booking_System\\IT314_G27_FlightBookingSystem\\frontend\\src\\components\\SearchItem.jsx","statementMap":{"0":{"start":{"line":6,"column":19},"end":{"line":125,"column":1}},"1":{"start":{"line":8,"column":21},"end":{"line":8,"column":34}},"2":{"start":{"line":9,"column":25},"end":{"line":9,"column":73}},"3":{"start":{"line":10,"column":28},"end":{"line":12,"column":5}},"4":{"start":{"line":11,"column":8},"end":{"line":11,"column":53}},"5":{"start":{"line":13,"column":31},"end":{"line":36,"column":5}},"6":{"start":{"line":14,"column":8},"end":{"line":14,"column":34}},"7":{"start":{"line":15,"column":8},"end":{"line":19,"column":9}},"8":{"start":{"line":16,"column":12},"end":{"line":16,"column":57}},"9":{"start":{"line":17,"column":12},"end":{"line":17,"column":31}},"10":{"start":{"line":18,"column":12},"end":{"line":18,"column":19}},"11":{"start":{"line":20,"column":8},"end":{"line":23,"column":9}},"12":{"start":{"line":21,"column":12},"end":{"line":21,"column":56}},"13":{"start":{"line":22,"column":12},"end":{"line":22,"column":19}},"14":{"start":{"line":25,"column":32},"end":{"line":25,"column":90}},"15":{"start":{"line":26,"column":26},"end":{"line":26,"column":73}},"16":{"start":{"line":27,"column":31},"end":{"line":33,"column":9}},"17":{"start":{"line":34,"column":8},"end":{"line":34,"column":79}},"18":{"start":{"line":35,"column":8},"end":{"line":35,"column":29}},"19":{"start":{"line":38,"column":25},"end":{"line":44,"column":5}},"20":{"start":{"line":39,"column":8},"end":{"line":42,"column":9}},"21":{"start":{"line":40,"column":12},"end":{"line":40,"column":56}},"22":{"start":{"line":41,"column":12},"end":{"line":41,"column":19}},"23":{"start":{"line":43,"column":8},"end":{"line":43,"column":29}},"24":{"start":{"line":46,"column":4},"end":{"line":124,"column":6}},"25":{"start":{"line":58,"column":32},"end":{"line":58,"column":56}},"26":{"start":{"line":59,"column":32},"end":{"line":59,"column":79}}},"fnMap":{"0":{"name":"(anonymous_0)","decl":{"start":{"line":6,"column":19},"end":{"line":6,"column":20}},"loc":{"start":{"line":6,"column":65},"end":{"line":125,"column":1}},"line":6},"1":{"name":"(anonymous_1)","decl":{"start":{"line":10,"column":28},"end":{"line":10,"column":29}},"loc":{"start":{"line":10,"column":45},"end":{"line":12,"column":5}},"line":10},"2":{"name":"(anonymous_2)","decl":{"start":{"line":13,"column":31},"end":{"line":13,"column":32}},"loc":{"start":{"line":13,"column":37},"end":{"line":36,"column":5}},"line":13},"3":{"name":"(anonymous_3)","decl":{"start":{"line":38,"column":25},"end":{"line":38,"column":26}},"loc":{"start":{"line":38,"column":31},"end":{"line":44,"column":5}},"line":38},"4":{"name":"(anonymous_4)","decl":{"start":{"line":57,"column":37},"end":{"line":57,"column":38}},"loc":{"start":{"line":57,"column":44},"end":{"line":60,"column":29}},"line":57}},"branchMap":{"0":{"loc":{"start":{"line":15,"column":8},"end":{"line":19,"column":9}},"type":"if","locations":[{"start":{"line":15,"column":8},"end":{"line":19,"column":9}},{"start":{},"end":{}}],"line":15},"1":{"loc":{"start":{"line":20,"column":8},"end":{"line":23,"column":9}},"type":"if","locations":[{"start":{"line":20,"column":8},"end":{"line":23,"column":9}},{"start":{},"end":{}}],"line":20},"2":{"loc":{"start":{"line":39,"column":8},"end":{"line":42,"column":9}},"type":"if","locations":[{"start":{"line":39,"column":8},"end":{"line":42,"column":9}},{"start":{},"end":{}}],"line":39},"3":{"loc":{"start":{"line":47,"column":61},"end":{"line":47,"column":107}},"type":"cond-expr","locations":[{"start":{"line":47,"column":90},"end":{"line":47,"column":102}},{"start":{"line":47,"column":105},"end":{"line":47,"column":107}}],"line":47},"4":{"loc":{"start":{"line":93,"column":25},"end":{"line":93,"column":85}},"type":"cond-expr","locations":[{"start":{"line":93,"column":55},"end":{"line":93,"column":65}},{"start":{"line":93,"column":68},"end":{"line":93,"column":85}}],"line":93},"5":{"loc":{"start":{"line":109,"column":27},"end":{"line":109,"column":92}},"type":"cond-expr","locations":[{"start":{"line":109,"column":57},"end":{"line":109,"column":72}},{"start":{"line":109,"column":75},"end":{"line":109,"column":92}}],"line":109},"6":{"loc":{"start":{"line":113,"column":24},"end":{"line":115,"column":57}},"type":"cond-expr","locations":[{"start":{"line":114,"column":26},"end":{"line":114,"column":58}},{"start":{"line":115,"column":26},"end":{"line":115,"column":57}}],"line":113},"7":{"loc":{"start":{"line":120,"column":21},"end":{"line":120,"column":75}},"type":"cond-expr","locations":[{"start":{"line":120,"column":50},"end":{"line":120,"column":64}},{"start":{"line":120,"column":67},"end":{"line":120,"column":75}}],"line":120}},"s":{"0":1,"1":0,"2":0,"3":0,"4":0,"5":0,"6":0,"7":0,"8":0,"9":0,"10":0,"11":0,"12":0,"13":0,"14":0,"15":0,"16":0,"17":0,"18":0,"19":0,"20":0,"21":0,"22":0,"23":0,"24":0,"25":0,"26":0},"f":{"0":0,"1":0,"2":0,"3":0,"4":0},"b":{"0":[0,0],"1":[0,0],"2":[0,0],"3":[0,0],"4":[0,0],"5":[0,0],"6":[0,0],"7":[0,0]},"_coverageSchema":"1a1c01bbd47fc00a2c39e90264f33305004495a9","hash":"79cb61eef0e2969255f80c157553a6dc10f9be08"}
}
