{"D:\\Acad\\Sem5\\IT314_G27_FlightBookingSystem\\frontend\\src\\utils.jsx": {"path":"D:\\Acad\\Sem5\\IT314_G27_FlightBookingSystem\\frontend\\src\\utils.jsx","statementMap":{"0":{"start":{"line":4,"column":29},"end":{"line":9,"column":1}},"1":{"start":{"line":5,"column":4},"end":{"line":8,"column":7}},"2":{"start":{"line":11,"column":27},"end":{"line":16,"column":1}},"3":{"start":{"line":12,"column":4},"end":{"line":15,"column":7}}},"fnMap":{"0":{"name":"(anonymous_0)","decl":{"start":{"line":4,"column":29},"end":{"line":4,"column":30}},"loc":{"start":{"line":4,"column":38},"end":{"line":9,"column":1}},"line":4},"1":{"name":"(anonymous_1)","decl":{"start":{"line":11,"column":27},"end":{"line":11,"column":28}},"loc":{"start":{"line":11,"column":36},"end":{"line":16,"column":1}},"line":11}},"branchMap":{},"s":{"0":1,"1":0,"2":1,"3":1},"f":{"0":0,"1":1},"b":{},"_coverageSchema":"1a1c01bbd47fc00a2c39e90264f33305004495a9","hash":"deb89455cb7905d94d8825de6216dbd67c3ba196"}
,"D:\\Acad\\Sem5\\IT314_G27_FlightBookingSystem\\frontend\\src\\components\\Aboutus.jsx": {"path":"D:\\Acad\\Sem5\\IT314_G27_FlightBookingSystem\\frontend\\src\\components\\Aboutus.jsx","statementMap":{"0":{"start":{"line":7,"column":46},"end":{"line":7,"column":63}},"1":{"start":{"line":9,"column":24},"end":{"line":18,"column":5}},"2":{"start":{"line":20,"column":4},"end":{"line":129,"column":6}},"3":{"start":{"line":29,"column":35},"end":{"line":29,"column":60}},"4":{"start":{"line":35,"column":35},"end":{"line":35,"column":59}},"5":{"start":{"line":41,"column":35},"end":{"line":41,"column":60}},"6":{"start":{"line":80,"column":28},"end":{"line":91,"column":34}}},"fnMap":{"0":{"name":"AboutUs","decl":{"start":{"line":6,"column":24},"end":{"line":6,"column":31}},"loc":{"start":{"line":6,"column":67},"end":{"line":130,"column":1}},"line":6},"1":{"name":"(anonymous_1)","decl":{"start":{"line":29,"column":29},"end":{"line":29,"column":30}},"loc":{"start":{"line":29,"column":35},"end":{"line":29,"column":60}},"line":29},"2":{"name":"(anonymous_2)","decl":{"start":{"line":35,"column":29},"end":{"line":35,"column":30}},"loc":{"start":{"line":35,"column":35},"end":{"line":35,"column":59}},"line":35},"3":{"name":"(anonymous_3)","decl":{"start":{"line":41,"column":29},"end":{"line":41,"column":30}},"loc":{"start":{"line":41,"column":35},"end":{"line":41,"column":60}},"line":41},"4":{"name":"(anonymous_4)","decl":{"start":{"line":79,"column":41},"end":{"line":79,"column":42}},"loc":{"start":{"line":80,"column":28},"end":{"line":91,"column":34}},"line":80}},"branchMap":{"0":{"loc":{"start":{"line":28,"column":79},"end":{"line":28,"column":167}},"type":"cond-expr","locations":[{"start":{"line":28,"column":107},"end":{"line":28,"column":131}},{"start":{"line":28,"column":134},"end":{"line":28,"column":167}}],"line":28},"1":{"loc":{"start":{"line":34,"column":79},"end":{"line":34,"column":166}},"type":"cond-expr","locations":[{"start":{"line":34,"column":106},"end":{"line":34,"column":130}},{"start":{"line":34,"column":133},"end":{"line":34,"column":166}}],"line":34},"2":{"loc":{"start":{"line":40,"column":79},"end":{"line":40,"column":167}},"type":"cond-expr","locations":[{"start":{"line":40,"column":107},"end":{"line":40,"column":131}},{"start":{"line":40,"column":134},"end":{"line":40,"column":167}}],"line":40},"3":{"loc":{"start":{"line":48,"column":13},"end":{"line":71,"column":13}},"type":"binary-expr","locations":[{"start":{"line":48,"column":13},"end":{"line":48,"column":38}},{"start":{"line":49,"column":16},"end":{"line":70,"column":22}}],"line":48},"4":{"loc":{"start":{"line":73,"column":13},"end":{"line":95,"column":13}},"type":"binary-expr","locations":[{"start":{"line":73,"column":13},"end":{"line":73,"column":37}},{"start":{"line":74,"column":16},"end":{"line":94,"column":22}}],"line":73},"5":{"loc":{"start":{"line":97,"column":13},"end":{"line":125,"column":13}},"type":"binary-expr","locations":[{"start":{"line":97,"column":13},"end":{"line":97,"column":38}},{"start":{"line":98,"column":16},"end":{"line":124,"column":22}}],"line":97}},"s":{"0":7,"1":7,"2":7,"3":1,"4":2,"5":1,"6":16},"f":{"0":7,"1":1,"2":2,"3":1,"4":16},"b":{"0":[4,3],"1":[2,5],"2":[1,6],"3":[7,4],"4":[7,2],"5":[7,1]},"_coverageSchema":"1a1c01bbd47fc00a2c39e90264f33305004495a9","hash":"fb59be6b3e041c24af6023a4239e2ff98d5229e9"}
,"D:\\Acad\\Sem5\\IT314_G27_FlightBookingSystem\\frontend\\src\\components\\FAQ.jsx": {"path":"D:\\Acad\\Sem5\\IT314_G27_FlightBookingSystem\\frontend\\src\\components\\FAQ.jsx","statementMap":{"0":{"start":{"line":6,"column":12},"end":{"line":88,"column":1}},"1":{"start":{"line":7,"column":42},"end":{"line":7,"column":56}},"2":{"start":{"line":9,"column":17},"end":{"line":50,"column":5}},"3":{"start":{"line":52,"column":22},"end":{"line":54,"column":5}},"4":{"start":{"line":53,"column":8},"end":{"line":53,"column":61}},"5":{"start":{"line":56,"column":4},"end":{"line":87,"column":6}},"6":{"start":{"line":70,"column":24},"end":{"line":81,"column":30}},"7":{"start":{"line":73,"column":47},"end":{"line":73,"column":63}}},"fnMap":{"0":{"name":"(anonymous_0)","decl":{"start":{"line":6,"column":12},"end":{"line":6,"column":13}},"loc":{"start":{"line":6,"column":53},"end":{"line":88,"column":1}},"line":6},"1":{"name":"(anonymous_1)","decl":{"start":{"line":52,"column":22},"end":{"line":52,"column":23}},"loc":{"start":{"line":52,"column":33},"end":{"line":54,"column":5}},"line":52},"2":{"name":"(anonymous_2)","decl":{"start":{"line":69,"column":30},"end":{"line":69,"column":31}},"loc":{"start":{"line":70,"column":24},"end":{"line":81,"column":30}},"line":70},"3":{"name":"(anonymous_3)","decl":{"start":{"line":73,"column":41},"end":{"line":73,"column":42}},"loc":{"start":{"line":73,"column":47},"end":{"line":73,"column":63}},"line":73}},"branchMap":{"0":{"loc":{"start":{"line":53,"column":23},"end":{"line":53,"column":59}},"type":"cond-expr","locations":[{"start":{"line":53,"column":47},"end":{"line":53,"column":51}},{"start":{"line":53,"column":54},"end":{"line":53,"column":59}}],"line":53},"1":{"loc":{"start":{"line":76,"column":74},"end":{"line":76,"column":107}},"type":"cond-expr","locations":[{"start":{"line":76,"column":98},"end":{"line":76,"column":101}},{"start":{"line":76,"column":104},"end":{"line":76,"column":107}}],"line":76},"2":{"loc":{"start":{"line":78,"column":29},"end":{"line":80,"column":29}},"type":"binary-expr","locations":[{"start":{"line":78,"column":29},"end":{"line":78,"column":50}},{"start":{"line":79,"column":32},"end":{"line":79,"column":102}}],"line":78}},"s":{"0":1,"1":8,"2":8,"3":8,"4":4,"5":8,"6":80,"7":4},"f":{"0":8,"1":4,"2":80,"3":4},"b":{"0":[1,3],"1":[3,77],"2":[80,3]},"_coverageSchema":"1a1c01bbd47fc00a2c39e90264f33305004495a9","hash":"bc1f31176ddcba0c21e2a4dd8dcd96bfeac56054"}
,"D:\\Acad\\Sem5\\IT314_G27_FlightBookingSystem\\frontend\\src\\components\\Footer.jsx": {"path":"D:\\Acad\\Sem5\\IT314_G27_FlightBookingSystem\\frontend\\src\\components\\Footer.jsx","statementMap":{"0":{"start":{"line":4,"column":15},"end":{"line":35,"column":1}},"1":{"start":{"line":5,"column":21},"end":{"line":5,"column":34}},"2":{"start":{"line":7,"column":4},"end":{"line":34,"column":6}}},"fnMap":{"0":{"name":"(anonymous_0)","decl":{"start":{"line":4,"column":15},"end":{"line":4,"column":16}},"loc":{"start":{"line":4,"column":21},"end":{"line":35,"column":1}},"line":4}},"branchMap":{},"s":{"0":1,"1":3,"2":3},"f":{"0":3},"b":{},"_coverageSchema":"1a1c01bbd47fc00a2c39e90264f33305004495a9","hash":"fe9ec9dc924438c128d3f436dac471599ba83f60"}
,"D:\\Acad\\Sem5\\IT314_G27_FlightBookingSystem\\frontend\\src\\components\\Header.jsx": {"path":"D:\\Acad\\Sem5\\IT314_G27_FlightBookingSystem\\frontend\\src\\components\\Header.jsx","statementMap":{"0":{"start":{"line":19,"column":15},"end":{"line":280,"column":1}},"1":{"start":{"line":21,"column":19},"end":{"line":28,"column":3}},"2":{"start":{"line":29,"column":26},"end":{"line":29,"column":38}},"3":{"start":{"line":30,"column":22},"end":{"line":30,"column":34}},"4":{"start":{"line":32,"column":34},"end":{"line":32,"column":49}},"5":{"start":{"line":33,"column":26},"end":{"line":37,"column":5}},"6":{"start":{"line":39,"column":40},"end":{"line":39,"column":55}},"7":{"start":{"line":40,"column":32},"end":{"line":43,"column":4}},"8":{"start":{"line":45,"column":42},"end":{"line":45,"column":54}},"9":{"start":{"line":47,"column":19},"end":{"line":47,"column":32}},"10":{"start":{"line":48,"column":18},"end":{"line":48,"column":30}},"11":{"start":{"line":49,"column":23},"end":{"line":49,"column":35}},"12":{"start":{"line":51,"column":23},"end":{"line":56,"column":3}},"13":{"start":{"line":52,"column":4},"end":{"line":55,"column":8}},"14":{"start":{"line":52,"column":26},"end":{"line":55,"column":5}},"15":{"start":{"line":58,"column":23},"end":{"line":88,"column":3}},"16":{"start":{"line":60,"column":4},"end":{"line":60,"column":24}},"17":{"start":{"line":63,"column":4},"end":{"line":66,"column":5}},"18":{"start":{"line":64,"column":6},"end":{"line":64,"column":73}},"19":{"start":{"line":65,"column":6},"end":{"line":65,"column":13}},"20":{"start":{"line":69,"column":26},"end":{"line":69,"column":65}},"21":{"start":{"line":72,"column":4},"end":{"line":77,"column":8}},"22":{"start":{"line":80,"column":4},"end":{"line":87,"column":7}},"23":{"start":{"line":90,"column":2},"end":{"line":105,"column":9}},"24":{"start":{"line":91,"column":31},"end":{"line":101,"column":5}},"25":{"start":{"line":92,"column":6},"end":{"line":100,"column":7}},"26":{"start":{"line":98,"column":8},"end":{"line":98,"column":27}},"27":{"start":{"line":99,"column":8},"end":{"line":99,"column":30}},"28":{"start":{"line":103,"column":4},"end":{"line":103,"column":63}},"29":{"start":{"line":104,"column":4},"end":{"line":104,"column":79}},"30":{"start":{"line":104,"column":17},"end":{"line":104,"column":78}},"31":{"start":{"line":107,"column":2},"end":{"line":279,"column":4}},"32":{"start":{"line":132,"column":35},"end":{"line":132,"column":58}},"33":{"start":{"line":137,"column":20},"end":{"line":139,"column":29}},"34":{"start":{"line":152,"column":35},"end":{"line":152,"column":56}},"35":{"start":{"line":157,"column":20},"end":{"line":161,"column":21}},"36":{"start":{"line":174,"column":16},"end":{"line":174,"column":39}},"37":{"start":{"line":184,"column":40},"end":{"line":184,"column":65}},"38":{"start":{"line":202,"column":20},"end":{"line":202,"column":49}},"39":{"start":{"line":203,"column":20},"end":{"line":203,"column":39}},"40":{"start":{"line":219,"column":43},"end":{"line":219,"column":69}},"41":{"start":{"line":228,"column":43},"end":{"line":228,"column":69}},"42":{"start":{"line":241,"column":43},"end":{"line":241,"column":72}},"43":{"start":{"line":250,"column":43},"end":{"line":250,"column":72}}},"fnMap":{"0":{"name":"(anonymous_0)","decl":{"start":{"line":19,"column":15},"end":{"line":19,"column":16}},"loc":{"start":{"line":19,"column":29},"end":{"line":280,"column":1}},"line":19},"1":{"name":"(anonymous_1)","decl":{"start":{"line":51,"column":23},"end":{"line":51,"column":24}},"loc":{"start":{"line":51,"column":44},"end":{"line":56,"column":3}},"line":51},"2":{"name":"(anonymous_2)","decl":{"start":{"line":52,"column":15},"end":{"line":52,"column":16}},"loc":{"start":{"line":52,"column":26},"end":{"line":55,"column":5}},"line":52},"3":{"name":"(anonymous_3)","decl":{"start":{"line":58,"column":23},"end":{"line":58,"column":24}},"loc":{"start":{"line":58,"column":35},"end":{"line":88,"column":3}},"line":58},"4":{"name":"(anonymous_4)","decl":{"start":{"line":90,"column":12},"end":{"line":90,"column":13}},"loc":{"start":{"line":90,"column":18},"end":{"line":105,"column":3}},"line":90},"5":{"name":"(anonymous_5)","decl":{"start":{"line":91,"column":31},"end":{"line":91,"column":32}},"loc":{"start":{"line":91,"column":42},"end":{"line":101,"column":5}},"line":91},"6":{"name":"(anonymous_6)","decl":{"start":{"line":104,"column":11},"end":{"line":104,"column":12}},"loc":{"start":{"line":104,"column":17},"end":{"line":104,"column":78}},"line":104},"7":{"name":"(anonymous_7)","decl":{"start":{"line":132,"column":28},"end":{"line":132,"column":29}},"loc":{"start":{"line":132,"column":35},"end":{"line":132,"column":58}},"line":132},"8":{"name":"(anonymous_8)","decl":{"start":{"line":136,"column":32},"end":{"line":136,"column":33}},"loc":{"start":{"line":137,"column":20},"end":{"line":139,"column":29}},"line":137},"9":{"name":"(anonymous_9)","decl":{"start":{"line":152,"column":28},"end":{"line":152,"column":29}},"loc":{"start":{"line":152,"column":35},"end":{"line":152,"column":56}},"line":152},"10":{"name":"(anonymous_10)","decl":{"start":{"line":156,"column":32},"end":{"line":156,"column":33}},"loc":{"start":{"line":157,"column":20},"end":{"line":161,"column":21}},"line":157},"11":{"name":"(anonymous_11)","decl":{"start":{"line":173,"column":25},"end":{"line":173,"column":26}},"loc":{"start":{"line":173,"column":31},"end":{"line":175,"column":17}},"line":173},"12":{"name":"(anonymous_12)","decl":{"start":{"line":184,"column":30},"end":{"line":184,"column":31}},"loc":{"start":{"line":184,"column":40},"end":{"line":184,"column":65}},"line":184},"13":{"name":"(anonymous_13)","decl":{"start":{"line":201,"column":27},"end":{"line":201,"column":28}},"loc":{"start":{"line":201,"column":33},"end":{"line":204,"column":19}},"line":201},"14":{"name":"(anonymous_14)","decl":{"start":{"line":219,"column":37},"end":{"line":219,"column":38}},"loc":{"start":{"line":219,"column":43},"end":{"line":219,"column":69}},"line":219},"15":{"name":"(anonymous_15)","decl":{"start":{"line":228,"column":37},"end":{"line":228,"column":38}},"loc":{"start":{"line":228,"column":43},"end":{"line":228,"column":69}},"line":228},"16":{"name":"(anonymous_16)","decl":{"start":{"line":241,"column":37},"end":{"line":241,"column":38}},"loc":{"start":{"line":241,"column":43},"end":{"line":241,"column":72}},"line":241},"17":{"name":"(anonymous_17)","decl":{"start":{"line":250,"column":37},"end":{"line":250,"column":38}},"loc":{"start":{"line":250,"column":43},"end":{"line":250,"column":72}},"line":250}},"branchMap":{"0":{"loc":{"start":{"line":54,"column":14},"end":{"line":54,"column":71}},"type":"cond-expr","locations":[{"start":{"line":54,"column":34},"end":{"line":54,"column":51}},{"start":{"line":54,"column":54},"end":{"line":54,"column":71}}],"line":54},"1":{"loc":{"start":{"line":63,"column":4},"end":{"line":66,"column":5}},"type":"if","locations":[{"start":{"line":63,"column":4},"end":{"line":66,"column":5}},{"start":{},"end":{}}],"line":63},"2":{"loc":{"start":{"line":63,"column":8},"end":{"line":63,"column":20}},"type":"binary-expr","locations":[{"start":{"line":63,"column":8},"end":{"line":63,"column":13}},{"start":{"line":63,"column":17},"end":{"line":63,"column":20}}],"line":63},"3":{"loc":{"start":{"line":92,"column":6},"end":{"line":100,"column":7}},"type":"if","locations":[{"start":{"line":92,"column":6},"end":{"line":100,"column":7}},{"start":{},"end":{}}],"line":92},"4":{"loc":{"start":{"line":93,"column":8},"end":{"line":96,"column":47}},"type":"binary-expr","locations":[{"start":{"line":93,"column":8},"end":{"line":93,"column":28}},{"start":{"line":94,"column":8},"end":{"line":94,"column":52}},{"start":{"line":95,"column":8},"end":{"line":95,"column":23}},{"start":{"line":96,"column":8},"end":{"line":96,"column":47}}],"line":93},"5":{"loc":{"start":{"line":111,"column":9},"end":{"line":276,"column":9}},"type":"binary-expr","locations":[{"start":{"line":111,"column":9},"end":{"line":111,"column":24}},{"start":{"line":112,"column":10},"end":{"line":275,"column":14}}],"line":111},"6":{"loc":{"start":{"line":157,"column":20},"end":{"line":161,"column":21}},"type":"binary-expr","locations":[{"start":{"line":157,"column":20},"end":{"line":157,"column":36}},{"start":{"line":158,"column":22},"end":{"line":160,"column":31}}],"line":157},"7":{"loc":{"start":{"line":180,"column":13},"end":{"line":191,"column":13}},"type":"binary-expr","locations":[{"start":{"line":180,"column":13},"end":{"line":180,"column":21}},{"start":{"line":181,"column":16},"end":{"line":190,"column":22}}],"line":180},"8":{"loc":{"start":{"line":207,"column":44},"end":{"line":207,"column":74}},"type":"cond-expr","locations":[{"start":{"line":207,"column":66},"end":{"line":207,"column":69}},{"start":{"line":207,"column":72},"end":{"line":207,"column":74}}],"line":207},"9":{"loc":{"start":{"line":207,"column":99},"end":{"line":207,"column":144}},"type":"cond-expr","locations":[{"start":{"line":207,"column":124},"end":{"line":207,"column":131}},{"start":{"line":207,"column":134},"end":{"line":207,"column":144}}],"line":207},"10":{"loc":{"start":{"line":209,"column":17},"end":{"line":258,"column":17}},"type":"binary-expr","locations":[{"start":{"line":209,"column":17},"end":{"line":209,"column":28}},{"start":{"line":210,"column":18},"end":{"line":257,"column":24}}],"line":209},"11":{"loc":{"start":{"line":263,"column":13},"end":{"line":267,"column":13}},"type":"binary-expr","locations":[{"start":{"line":263,"column":13},"end":{"line":263,"column":25}},{"start":{"line":264,"column":14},"end":{"line":266,"column":20}}],"line":263}},"s":{"0":1,"1":15,"2":15,"3":15,"4":15,"5":15,"6":15,"7":15,"8":15,"9":15,"10":15,"11":15,"12":15,"13":3,"14":3,"15":15,"16":2,"17":2,"18":1,"19":1,"20":1,"21":1,"22":1,"23":15,"24":6,"25":0,"26":0,"27":0,"28":6,"29":6,"30":6,"31":15,"32":1,"33":84,"34":1,"35":84,"36":1,"37":0,"38":1,"39":1,"40":1,"41":1,"42":0,"43":1},"f":{"0":15,"1":3,"2":3,"3":2,"4":6,"5":0,"6":6,"7":1,"8":84,"9":1,"10":84,"11":1,"12":0,"13":1,"14":1,"15":1,"16":0,"17":1},"b":{"0":[2,1],"1":[1,1],"2":[2,1],"3":[0,0],"4":[0,0,0,0],"5":[15,14],"6":[84,81],"7":[14,1],"8":[2,12],"9":[2,12],"10":[14,4],"11":[14,1]},"_coverageSchema":"1a1c01bbd47fc00a2c39e90264f33305004495a9","hash":"a9078879466a634eea9d0a1631d18de8ee78468c"}
,"D:\\Acad\\Sem5\\IT314_G27_FlightBookingSystem\\frontend\\src\\components\\SearchItem.jsx": {"path":"D:\\Acad\\Sem5\\IT314_G27_FlightBookingSystem\\frontend\\src\\components\\SearchItem.jsx","statementMap":{"0":{"start":{"line":6,"column":19},"end":{"line":125,"column":1}},"1":{"start":{"line":8,"column":21},"end":{"line":8,"column":34}},"2":{"start":{"line":9,"column":25},"end":{"line":9,"column":73}},"3":{"start":{"line":10,"column":28},"end":{"line":12,"column":5}},"4":{"start":{"line":11,"column":8},"end":{"line":11,"column":53}},"5":{"start":{"line":13,"column":31},"end":{"line":36,"column":5}},"6":{"start":{"line":14,"column":8},"end":{"line":14,"column":34}},"7":{"start":{"line":15,"column":8},"end":{"line":19,"column":9}},"8":{"start":{"line":16,"column":12},"end":{"line":16,"column":57}},"9":{"start":{"line":17,"column":12},"end":{"line":17,"column":31}},"10":{"start":{"line":18,"column":12},"end":{"line":18,"column":19}},"11":{"start":{"line":20,"column":8},"end":{"line":23,"column":9}},"12":{"start":{"line":21,"column":12},"end":{"line":21,"column":56}},"13":{"start":{"line":22,"column":12},"end":{"line":22,"column":19}},"14":{"start":{"line":25,"column":32},"end":{"line":25,"column":90}},"15":{"start":{"line":26,"column":26},"end":{"line":26,"column":73}},"16":{"start":{"line":27,"column":31},"end":{"line":33,"column":9}},"17":{"start":{"line":34,"column":8},"end":{"line":34,"column":79}},"18":{"start":{"line":35,"column":8},"end":{"line":35,"column":29}},"19":{"start":{"line":38,"column":25},"end":{"line":44,"column":5}},"20":{"start":{"line":39,"column":8},"end":{"line":42,"column":9}},"21":{"start":{"line":40,"column":12},"end":{"line":40,"column":56}},"22":{"start":{"line":41,"column":12},"end":{"line":41,"column":19}},"23":{"start":{"line":43,"column":8},"end":{"line":43,"column":29}},"24":{"start":{"line":46,"column":4},"end":{"line":124,"column":6}},"25":{"start":{"line":58,"column":32},"end":{"line":58,"column":56}},"26":{"start":{"line":59,"column":32},"end":{"line":59,"column":79}}},"fnMap":{"0":{"name":"(anonymous_0)","decl":{"start":{"line":6,"column":19},"end":{"line":6,"column":20}},"loc":{"start":{"line":6,"column":65},"end":{"line":125,"column":1}},"line":6},"1":{"name":"(anonymous_1)","decl":{"start":{"line":10,"column":28},"end":{"line":10,"column":29}},"loc":{"start":{"line":10,"column":45},"end":{"line":12,"column":5}},"line":10},"2":{"name":"(anonymous_2)","decl":{"start":{"line":13,"column":31},"end":{"line":13,"column":32}},"loc":{"start":{"line":13,"column":37},"end":{"line":36,"column":5}},"line":13},"3":{"name":"(anonymous_3)","decl":{"start":{"line":38,"column":25},"end":{"line":38,"column":26}},"loc":{"start":{"line":38,"column":31},"end":{"line":44,"column":5}},"line":38},"4":{"name":"(anonymous_4)","decl":{"start":{"line":57,"column":37},"end":{"line":57,"column":38}},"loc":{"start":{"line":57,"column":44},"end":{"line":60,"column":29}},"line":57}},"branchMap":{"0":{"loc":{"start":{"line":15,"column":8},"end":{"line":19,"column":9}},"type":"if","locations":[{"start":{"line":15,"column":8},"end":{"line":19,"column":9}},{"start":{},"end":{}}],"line":15},"1":{"loc":{"start":{"line":20,"column":8},"end":{"line":23,"column":9}},"type":"if","locations":[{"start":{"line":20,"column":8},"end":{"line":23,"column":9}},{"start":{},"end":{}}],"line":20},"2":{"loc":{"start":{"line":39,"column":8},"end":{"line":42,"column":9}},"type":"if","locations":[{"start":{"line":39,"column":8},"end":{"line":42,"column":9}},{"start":{},"end":{}}],"line":39},"3":{"loc":{"start":{"line":47,"column":61},"end":{"line":47,"column":107}},"type":"cond-expr","locations":[{"start":{"line":47,"column":90},"end":{"line":47,"column":102}},{"start":{"line":47,"column":105},"end":{"line":47,"column":107}}],"line":47},"4":{"loc":{"start":{"line":93,"column":25},"end":{"line":93,"column":85}},"type":"cond-expr","locations":[{"start":{"line":93,"column":55},"end":{"line":93,"column":65}},{"start":{"line":93,"column":68},"end":{"line":93,"column":85}}],"line":93},"5":{"loc":{"start":{"line":109,"column":27},"end":{"line":109,"column":92}},"type":"cond-expr","locations":[{"start":{"line":109,"column":57},"end":{"line":109,"column":72}},{"start":{"line":109,"column":75},"end":{"line":109,"column":92}}],"line":109},"6":{"loc":{"start":{"line":113,"column":24},"end":{"line":115,"column":57}},"type":"cond-expr","locations":[{"start":{"line":114,"column":26},"end":{"line":114,"column":58}},{"start":{"line":115,"column":26},"end":{"line":115,"column":57}}],"line":113},"7":{"loc":{"start":{"line":120,"column":21},"end":{"line":120,"column":75}},"type":"cond-expr","locations":[{"start":{"line":120,"column":50},"end":{"line":120,"column":64}},{"start":{"line":120,"column":67},"end":{"line":120,"column":75}}],"line":120}},"s":{"0":1,"1":5,"2":5,"3":5,"4":1,"5":5,"6":2,"7":2,"8":1,"9":1,"10":1,"11":1,"12":0,"13":0,"14":1,"15":1,"16":1,"17":1,"18":1,"19":5,"20":2,"21":0,"22":0,"23":2,"24":5,"25":0,"26":0},"f":{"0":5,"1":1,"2":2,"3":2,"4":0},"b":{"0":[1,1],"1":[0,1],"2":[0,2],"3":[1,4],"4":[4,1],"5":[4,1],"6":[1,4],"7":[1,4]},"_coverageSchema":"1a1c01bbd47fc00a2c39e90264f33305004495a9","hash":"f7a555d91c227dc10de3b0229d396a228cc65211"}
}
